2023-04-17 00:33:37.170  INFO 15376 --- [restartedMain] bank.project.app.AppApplication          : Starting AppApplication using Java 1.8.0_292 on WPG02VBH4 with PID 15376 (C:\DLTE-Java Full Stack Development\PROJECT-final\app\target\classes started by xxvcccca in C:\DLTE-Java Full Stack Development\PROJECT-final\app)
2023-04-17 00:33:37.186  INFO 15376 --- [restartedMain] bank.project.app.AppApplication          : No active profile set, falling back to 1 default profile: "default"
2023-04-17 00:33:37.234  INFO 15376 --- [restartedMain] o.s.b.devtools.restart.ChangeableUrls    : The Class-Path manifest attribute in C:\Users\xxvcccca\.m2\repository\com\oracle\database\jdbc\ojdbc8\21.5.0.0\ojdbc8-21.5.0.0.jar referenced one or more files that do not exist: file:/C:/Users/xxvcccca/.m2/repository/com/oracle/database/jdbc/ojdbc8/21.5.0.0/oraclepki.jar
2023-04-17 00:33:37.234  INFO 15376 --- [restartedMain] .e.DevToolsPropertyDefaultsPostProcessor : Devtools property defaults active! Set 'spring.devtools.add-properties' to 'false' to disable
2023-04-17 00:33:37.234  INFO 15376 --- [restartedMain] .e.DevToolsPropertyDefaultsPostProcessor : For additional web related logging consider setting the 'logging.level.web' property to 'DEBUG'
2023-04-17 00:33:37.925  INFO 15376 --- [restartedMain] .s.d.r.c.RepositoryConfigurationDelegate : Bootstrapping Spring Data JDBC repositories in DEFAULT mode.
2023-04-17 00:33:37.941  INFO 15376 --- [restartedMain] .s.d.r.c.RepositoryConfigurationDelegate : Finished Spring Data repository scanning in 7 ms. Found 0 JDBC repository interfaces.
2023-04-17 00:33:38.113  INFO 15376 --- [restartedMain] trationDelegate$BeanPostProcessorChecker : Bean 'org.springframework.ws.config.annotation.DelegatingWsConfiguration' of type [org.springframework.ws.config.annotation.DelegatingWsConfiguration$$EnhancerBySpringCGLIB$$ff7f2a30] is not eligible for getting processed by all BeanPostProcessors (for example: not eligible for auto-proxying)
2023-04-17 00:33:38.196  INFO 15376 --- [restartedMain] .w.s.a.s.AnnotationActionEndpointMapping : Supporting [WS-Addressing August 2004, WS-Addressing 1.0]
2023-04-17 00:33:38.496  INFO 15376 --- [restartedMain] o.s.b.w.embedded.tomcat.TomcatWebServer  : Tomcat initialized with port(s): 8083 (http)
2023-04-17 00:33:38.506  INFO 15376 --- [restartedMain] o.apache.catalina.core.StandardService   : Starting service [Tomcat]
2023-04-17 00:33:38.506  INFO 15376 --- [restartedMain] org.apache.catalina.core.StandardEngine  : Starting Servlet engine: [Apache Tomcat/9.0.73]
2023-04-17 00:33:38.568  INFO 15376 --- [restartedMain] o.a.c.c.C.[Tomcat].[localhost].[/]       : Initializing Spring embedded WebApplicationContext
2023-04-17 00:33:38.568  INFO 15376 --- [restartedMain] w.s.c.ServletWebServerApplicationContext : Root WebApplicationContext: initialization completed in 1334 ms
2023-04-17 00:33:39.134  INFO 15376 --- [restartedMain] com.zaxxer.hikari.HikariDataSource       : HikariPool-1 - Starting...
2023-04-17 00:33:39.134  WARN 15376 --- [restartedMain] com.zaxxer.hikari.util.DriverDataSource  : Registered driver with driverClassName=oracle.jdbc.driver.OracleDriver was not found, trying direct instantiation.
2023-04-17 00:33:39.370  INFO 15376 --- [restartedMain] com.zaxxer.hikari.HikariDataSource       : HikariPool-1 - Start completed.
2023-04-17 00:33:39.502  INFO 15376 --- [restartedMain] o.s.b.d.a.OptionalLiveReloadServer       : LiveReload server is running on port 35729
2023-04-17 00:33:39.527  INFO 15376 --- [restartedMain] o.s.b.w.embedded.tomcat.TomcatWebServer  : Tomcat started on port(s): 8083 (http) with context path ''
2023-04-17 00:33:39.543  INFO 15376 --- [restartedMain] bank.project.app.AppApplication          : Started AppApplication in 2.8 seconds (JVM running for 4.454)
2023-04-17 00:33:59.548  INFO 15376 --- [http-nio-8083-exec-1] o.a.c.c.C.[Tomcat].[localhost].[/]       : Initializing Spring DispatcherServlet 'dispatcherServlet'
2023-04-17 00:33:59.548  INFO 15376 --- [http-nio-8083-exec-1] o.s.web.servlet.DispatcherServlet        : Initializing Servlet 'dispatcherServlet'
2023-04-17 00:33:59.550  INFO 15376 --- [http-nio-8083-exec-1] o.s.web.servlet.DispatcherServlet        : Completed initialization in 2 ms
2023-04-17 00:34:16.149  INFO 15376 --- [http-nio-8083-exec-7] bank.project.app.CustomerController      : parameters received from page for karthi
2023-04-17 00:34:16.375  INFO 15376 --- [http-nio-8083-exec-7] bank.project.dao.BankService             : karthik details received from database
2023-04-17 00:34:16.390  INFO 15376 --- [http-nio-8083-exec-7] bank.project.dao.BankService             : karthik Account status is active
2023-04-17 00:34:16.726  INFO 15376 --- [http-nio-8083-exec-1] o.a.c.c.C.[Tomcat].[localhost].[/]       : Initializing Spring MessageDispatcherServlet 'messageDispatcherServlet'
2023-04-17 00:34:16.729  INFO 15376 --- [http-nio-8083-exec-1] o.s.w.t.http.MessageDispatcherServlet    : Initializing Servlet 'messageDispatcherServlet'
2023-04-17 00:34:16.737  INFO 15376 --- [http-nio-8083-exec-1] o.s.ws.soap.saaj.SaajSoapMessageFactory  : Creating SAAJ 1.3 MessageFactory with SOAP 1.1 Protocol
2023-04-17 00:34:16.750  INFO 15376 --- [http-nio-8083-exec-1] o.s.w.t.http.MessageDispatcherServlet    : Completed initialization in 21 ms
2023-04-17 00:34:16.946  INFO 15376 --- [http-nio-8083-exec-1] bank.project.dao.BankService             :  Get by username 
2023-04-17 00:34:16.962  INFO 15376 --- [http-nio-8083-exec-1] bank.project.app.PayeeEndPoints          : bank.project.app.soap.ListPayeeResponse@1949b9bc
2023-04-17 00:40:16.207  INFO 15376 --- [http-nio-8083-exec-9] bank.project.dao.BankService             :  Get by username 
2023-04-17 00:40:16.213  INFO 15376 --- [http-nio-8083-exec-9] bank.project.dao.BankService             : Deepthi details received from payee table
2023-04-17 00:40:16.214  INFO 15376 --- [http-nio-8083-exec-9] bank.project.dao.BankService             : Asif details received from payee table
2023-04-17 00:40:16.219  INFO 15376 --- [http-nio-8083-exec-9] bank.project.app.PayeeEndPoints          : bank.project.app.soap.ListPayeeResponse@467a3ff6
2023-04-17 00:41:09.800  INFO 15376 --- [http-nio-8083-exec-3] bank.project.dao.BankService             :  Get by username 
2023-04-17 00:41:09.803  INFO 15376 --- [http-nio-8083-exec-3] bank.project.app.PayeeEndPoints          : bank.project.app.soap.ListPayeeResponse@43c8b0f3
2023-04-17 00:41:10.801  INFO 15376 --- [http-nio-8083-exec-4] bank.project.dao.BankService             :  Get by username 
2023-04-17 00:41:10.805  INFO 15376 --- [http-nio-8083-exec-4] bank.project.app.PayeeEndPoints          : bank.project.app.soap.ListPayeeResponse@7762a6e8
2023-04-17 00:41:11.985  INFO 15376 --- [http-nio-8083-exec-5] bank.project.dao.BankService             :  Get by username 
2023-04-17 00:41:11.988  INFO 15376 --- [http-nio-8083-exec-5] bank.project.app.PayeeEndPoints          : bank.project.app.soap.ListPayeeResponse@370c0b87
2023-04-17 00:41:13.075  INFO 15376 --- [http-nio-8083-exec-7] bank.project.dao.BankService             :  Get by username 
2023-04-17 00:41:13.081  INFO 15376 --- [http-nio-8083-exec-7] bank.project.app.PayeeEndPoints          : bank.project.app.soap.ListPayeeResponse@36d0448d
