2023-04-19 16:37:34.306  INFO 13044 --- [main] bank.project.dao.DaoApplicationTests     : Starting DaoApplicationTests using Java 1.8.0_292 on WPG02VBH4 with PID 13044 (started by xxvcccca in C:\DLTE-Java Full Stack Development\PROJECT-final\BackEnd\DAO)
2023-04-19 16:37:34.316  INFO 13044 --- [main] bank.project.dao.DaoApplicationTests     : No active profile set, falling back to 1 default profile: "default"
2023-04-19 16:37:34.933  INFO 13044 --- [main] .s.d.r.c.RepositoryConfigurationDelegate : Bootstrapping Spring Data JDBC repositories in DEFAULT mode.
2023-04-19 16:37:34.948  INFO 13044 --- [main] .s.d.r.c.RepositoryConfigurationDelegate : Finished Spring Data repository scanning in 8 ms. Found 0 JDBC repository interfaces.
2023-04-19 16:37:36.461  INFO 13044 --- [main] com.zaxxer.hikari.HikariDataSource       : HikariPool-1 - Starting...
2023-04-19 16:37:36.464  WARN 13044 --- [main] com.zaxxer.hikari.util.DriverDataSource  : Registered driver with driverClassName=oracle.jdbc.driver.OracleDriver was not found, trying direct instantiation.
2023-04-19 16:37:36.988  INFO 13044 --- [main] com.zaxxer.hikari.HikariDataSource       : HikariPool-1 - Start completed.
2023-04-19 16:37:37.678  INFO 13044 --- [main] o.s.s.web.DefaultSecurityFilterChain     : Will secure any request with [org.springframework.security.web.session.DisableEncodeUrlFilter@fe87ddd, org.springframework.security.web.context.request.async.WebAsyncManagerIntegrationFilter@4eea94a4, org.springframework.security.web.context.SecurityContextPersistenceFilter@7134b8a7, org.springframework.security.web.header.HeaderWriterFilter@7112ce6, org.springframework.security.web.csrf.CsrfFilter@3ff54f3d, org.springframework.security.web.authentication.logout.LogoutFilter@92d1782, org.springframework.security.web.authentication.UsernamePasswordAuthenticationFilter@713ec32d, org.springframework.security.web.authentication.ui.DefaultLoginPageGeneratingFilter@441fbe89, org.springframework.security.web.authentication.ui.DefaultLogoutPageGeneratingFilter@7c281eb8, org.springframework.security.web.authentication.www.BasicAuthenticationFilter@17dad32f, org.springframework.security.web.savedrequest.RequestCacheAwareFilter@40de8f93, org.springframework.security.web.servletapi.SecurityContextHolderAwareRequestFilter@3b55dd15, org.springframework.security.web.authentication.AnonymousAuthenticationFilter@65f40689, org.springframework.security.web.session.SessionManagementFilter@30ec7d21, org.springframework.security.web.access.ExceptionTranslationFilter@4f654cee, org.springframework.security.web.access.intercept.FilterSecurityInterceptor@467233e4]
2023-04-19 16:37:37.823  INFO 13044 --- [main] bank.project.dao.DaoApplicationTests     : Started DaoApplicationTests in 3.945 seconds (JVM running for 6.209)
2023-04-19 16:37:38.748  INFO 13044 --- [main] bank.project.dao.BankService             :  Get by username 
2023-04-19 16:37:38.755  INFO 13044 --- [main] bank.project.dao.BankService             :  Get by username 
2023-04-19 16:37:38.779  INFO 13044 --- [SpringApplicationShutdownHook] com.zaxxer.hikari.HikariDataSource       : HikariPool-1 - Shutdown initiated...
2023-04-19 16:37:38.798  INFO 13044 --- [SpringApplicationShutdownHook] com.zaxxer.hikari.HikariDataSource       : HikariPool-1 - Shutdown completed.
2023-04-19 16:39:02.937  INFO 16560 --- [main] bank.project.dao.DaoApplicationTests     : Starting DaoApplicationTests using Java 1.8.0_292 on WPG02VBH4 with PID 16560 (started by xxvcccca in C:\DLTE-Java Full Stack Development\PROJECT-final\BackEnd\DAO)
2023-04-19 16:39:02.940  INFO 16560 --- [main] bank.project.dao.DaoApplicationTests     : No active profile set, falling back to 1 default profile: "default"
2023-04-19 16:39:03.447  INFO 16560 --- [main] .s.d.r.c.RepositoryConfigurationDelegate : Bootstrapping Spring Data JDBC repositories in DEFAULT mode.
2023-04-19 16:39:03.458  INFO 16560 --- [main] .s.d.r.c.RepositoryConfigurationDelegate : Finished Spring Data repository scanning in 7 ms. Found 0 JDBC repository interfaces.
2023-04-19 16:39:04.752  INFO 16560 --- [main] com.zaxxer.hikari.HikariDataSource       : HikariPool-1 - Starting...
2023-04-19 16:39:04.757  WARN 16560 --- [main] com.zaxxer.hikari.util.DriverDataSource  : Registered driver with driverClassName=oracle.jdbc.driver.OracleDriver was not found, trying direct instantiation.
2023-04-19 16:39:05.227  INFO 16560 --- [main] com.zaxxer.hikari.HikariDataSource       : HikariPool-1 - Start completed.
2023-04-19 16:39:05.658  INFO 16560 --- [main] o.s.s.web.DefaultSecurityFilterChain     : Will secure any request with [org.springframework.security.web.session.DisableEncodeUrlFilter@35ef439e, org.springframework.security.web.context.request.async.WebAsyncManagerIntegrationFilter@4997552e, org.springframework.security.web.context.SecurityContextPersistenceFilter@315105f, org.springframework.security.web.header.HeaderWriterFilter@b73433, org.springframework.security.web.csrf.CsrfFilter@43c57161, org.springframework.security.web.authentication.logout.LogoutFilter@4f654cee, org.springframework.security.web.authentication.UsernamePasswordAuthenticationFilter@1d858300, org.springframework.security.web.authentication.ui.DefaultLoginPageGeneratingFilter@493da830, org.springframework.security.web.authentication.ui.DefaultLogoutPageGeneratingFilter@7bcecef6, org.springframework.security.web.authentication.www.BasicAuthenticationFilter@7ae0cc89, org.springframework.security.web.savedrequest.RequestCacheAwareFilter@40247d48, org.springframework.security.web.servletapi.SecurityContextHolderAwareRequestFilter@14c93774, org.springframework.security.web.authentication.AnonymousAuthenticationFilter@46046c06, org.springframework.security.web.session.SessionManagementFilter@5a545b0f, org.springframework.security.web.access.ExceptionTranslationFilter@5b88b8e, org.springframework.security.web.access.intercept.FilterSecurityInterceptor@294f9d50]
2023-04-19 16:39:05.772  INFO 16560 --- [main] bank.project.dao.DaoApplicationTests     : Started DaoApplicationTests in 3.173 seconds (JVM running for 4.371)
2023-04-19 16:39:06.508  INFO 16560 --- [main] bank.project.dao.BankService             :  Get by username 
2023-04-19 16:39:06.508  INFO 16560 --- [main] bank.project.dao.BankService             :  Get by username 
2023-04-19 16:39:06.619  INFO 16560 --- [SpringApplicationShutdownHook] com.zaxxer.hikari.HikariDataSource       : HikariPool-1 - Shutdown initiated...
2023-04-19 16:39:06.627  INFO 16560 --- [SpringApplicationShutdownHook] com.zaxxer.hikari.HikariDataSource       : HikariPool-1 - Shutdown completed.
